Remove Pin=J2-1 From Net=LED_0
Remove Pin=P1-2 From Net=RST
Remove Pin=P1-3 From Net=SWDIO
Remove Pin=P1-5 From Net=SWCLK
Remove Pin=P1-6 From Net=SWO
Remove Pin=P2-3 From Net=UART_MOT_RX
Remove Pin=P2-4 From Net=UART_MOT_TX
Remove Pin=P3-3 From Net=UART_MOT_RX
Remove Pin=P3-4 From Net=UART_MOT_TX
Remove Pin=P4-3 From Net=UART_MOT_RX
Remove Pin=P4-4 From Net=UART_MOT_TX
Remove Pin=R6-2 From Net=USB_FS_DM
Remove Pin=R7-2 From Net=USB_FS_DP
Remove Pin=U2-2 From Net=PB_1
Remove Pin=U2-3 From Net=PB_2
Remove Pin=U2-4 From Net=PB_3
Remove Pin=U2-14 From Net=RST
Remove Pin=U2-29 From Net=MCU_AUDIO
Remove Pin=U2-30 From Net=SCLK
Remove Pin=U2-31 From Net=MISO
Remove Pin=U2-32 From Net=MOSI
Remove Pin=U2-47 From Net=UART_DBG_TX
Remove Pin=U2-48 From Net=UART_DBG_RX
Remove Pin=U2-59 From Net=LED_1
Remove Pin=U2-60 From Net=LED_2
Remove Pin=U2-65 From Net=CS_A
Remove Pin=U2-66 From Net=CS_G
Remove Pin=U2-70 From Net=USB_FS_DM
Remove Pin=U2-71 From Net=USB_FS_DP
Remove Pin=U2-72 From Net=SWDIO
Remove Pin=U2-76 From Net=SWCLK
Remove Pin=U2-81 From Net=INT1_A
Remove Pin=U2-82 From Net=INT2_A
Remove Pin=U2-83 From Net=INT1_G
Remove Pin=U2-84 From Net=INT2_G
Remove Pin=U2-85 From Net=DEN_G
Remove Pin=U2-89 From Net=SWO
Remove Pin=U2-92 From Net=UART_MOT_TX
Remove Pin=U2-93 From Net=UART_MOT_RX
