Replace Part C1 Cap in C:\Users\RobotFoot\Documents\GitHub\RobotFoot\Altium\mcu.SchDoc with Cap from robotfoot.SchLib
Replace Part C5 Cap in C:\Users\RobotFoot\Documents\GitHub\RobotFoot\Altium\mcu.SchDoc with Cap from robotfoot.SchLib
Replace Part C6 Cap2 in C:\Users\RobotFoot\Documents\GitHub\RobotFoot\Altium\mcu.SchDoc with Cap2 from robotfoot.SchLib
Replace Part C7 Cap2 in C:\Users\RobotFoot\Documents\GitHub\RobotFoot\Altium\mcu.SchDoc with Cap2 from robotfoot.SchLib
Replace Part C8 Cap in C:\Users\RobotFoot\Documents\GitHub\RobotFoot\Altium\mcu.SchDoc with Cap from robotfoot.SchLib
Replace Part C9 Cap in C:\Users\RobotFoot\Documents\GitHub\RobotFoot\Altium\mcu.SchDoc with Cap from robotfoot.SchLib
Replace Part C10 Cap in C:\Users\RobotFoot\Documents\GitHub\RobotFoot\Altium\mcu.SchDoc with Cap from robotfoot.SchLib
Replace Part C25 Cap in C:\Users\RobotFoot\Documents\GitHub\RobotFoot\Altium\mcu.SchDoc with Cap from robotfoot.SchLib
Replace Part C26 Cap in C:\Users\RobotFoot\Documents\GitHub\RobotFoot\Altium\mcu.SchDoc with Cap from robotfoot.SchLib
Replace Part C27 Cap2 in C:\Users\RobotFoot\Documents\GitHub\RobotFoot\Altium\mcu.SchDoc with Cap2 from robotfoot.SchLib
Replace Part J2 440247-1 in C:\Users\RobotFoot\Documents\GitHub\RobotFoot\Altium\mcu.SchDoc with 440247-1 from robotfoot.SchLib
Replace Part P1 MHDR1X6 in C:\Users\RobotFoot\Documents\GitHub\RobotFoot\Altium\mcu.SchDoc with MHDR1X6 from robotfoot.SchLib
Replace Part R6 Res1 in C:\Users\RobotFoot\Documents\GitHub\RobotFoot\Altium\mcu.SchDoc with Res1 from robotfoot.SchLib
Replace Part R7 Res1 in C:\Users\RobotFoot\Documents\GitHub\RobotFoot\Altium\mcu.SchDoc with Res1 from robotfoot.SchLib
Replace Part R8 Res1 in C:\Users\RobotFoot\Documents\GitHub\RobotFoot\Altium\mcu.SchDoc with Res1 from robotfoot.SchLib
Replace Part R9 Res1 in C:\Users\RobotFoot\Documents\GitHub\RobotFoot\Altium\mcu.SchDoc with Res1 from robotfoot.SchLib
Replace Part R10 Res1 in C:\Users\RobotFoot\Documents\GitHub\RobotFoot\Altium\mcu.SchDoc with Res1 from robotfoot.SchLib
Replace Part S1 SW in C:\Users\RobotFoot\Documents\GitHub\RobotFoot\Altium\mcu.SchDoc with SW from robotfoot.SchLib
Replace Part U2 STM32F407VG in C:\Users\RobotFoot\Documents\GitHub\RobotFoot\Altium\mcu.SchDoc with STM32F407VG from robotfoot.SchLib
Replace Part Y1 XTAL in C:\Users\RobotFoot\Documents\GitHub\RobotFoot\Altium\mcu.SchDoc with XTAL from robotfoot.SchLib
