Replace Symbol from C1 Cap in C:\Users\RobotFoot\Documents\GitHub\RobotFoot\Altium\mcu.SchDoc with Cap from robotfoot.SchLib
Replace Symbol from C5 Cap in C:\Users\RobotFoot\Documents\GitHub\RobotFoot\Altium\mcu.SchDoc with Cap from robotfoot.SchLib
Replace Symbol from C6 Cap2 in C:\Users\RobotFoot\Documents\GitHub\RobotFoot\Altium\mcu.SchDoc with Cap2 from robotfoot.SchLib
Replace Symbol from C7 Cap2 in C:\Users\RobotFoot\Documents\GitHub\RobotFoot\Altium\mcu.SchDoc with Cap2 from robotfoot.SchLib
Replace Symbol from C8 Cap in C:\Users\RobotFoot\Documents\GitHub\RobotFoot\Altium\mcu.SchDoc with Cap from robotfoot.SchLib
Replace Symbol from C9 Cap in C:\Users\RobotFoot\Documents\GitHub\RobotFoot\Altium\mcu.SchDoc with Cap from robotfoot.SchLib
Replace Symbol from C10 Cap in C:\Users\RobotFoot\Documents\GitHub\RobotFoot\Altium\mcu.SchDoc with Cap from robotfoot.SchLib
Replace Symbol from C25 Cap in C:\Users\RobotFoot\Documents\GitHub\RobotFoot\Altium\mcu.SchDoc with Cap from robotfoot.SchLib
Replace Symbol from C26 Cap in C:\Users\RobotFoot\Documents\GitHub\RobotFoot\Altium\mcu.SchDoc with Cap from robotfoot.SchLib
Replace Symbol from C27 Cap2 in C:\Users\RobotFoot\Documents\GitHub\RobotFoot\Altium\mcu.SchDoc with Cap2 from robotfoot.SchLib
Replace Symbol from J2 440247-1 in C:\Users\RobotFoot\Documents\GitHub\RobotFoot\Altium\mcu.SchDoc with 440247-1 from robotfoot.SchLib
Replace Symbol from P1 MHDR1X6 in C:\Users\RobotFoot\Documents\GitHub\RobotFoot\Altium\mcu.SchDoc with MHDR1X6 from robotfoot.SchLib
Replace Symbol from R6 Res1 in C:\Users\RobotFoot\Documents\GitHub\RobotFoot\Altium\mcu.SchDoc with Res1 from robotfoot.SchLib
Replace Symbol from R7 Res1 in C:\Users\RobotFoot\Documents\GitHub\RobotFoot\Altium\mcu.SchDoc with Res1 from robotfoot.SchLib
Replace Symbol from R8 Res1 in C:\Users\RobotFoot\Documents\GitHub\RobotFoot\Altium\mcu.SchDoc with Res1 from robotfoot.SchLib
Replace Symbol from R9 Res1 in C:\Users\RobotFoot\Documents\GitHub\RobotFoot\Altium\mcu.SchDoc with Res1 from robotfoot.SchLib
Replace Symbol from R10 Res1 in C:\Users\RobotFoot\Documents\GitHub\RobotFoot\Altium\mcu.SchDoc with Res1 from robotfoot.SchLib
Replace Symbol from S1 SW in C:\Users\RobotFoot\Documents\GitHub\RobotFoot\Altium\mcu.SchDoc with SW from robotfoot.SchLib
Replace Symbol from U2 STM32F407VG in C:\Users\RobotFoot\Documents\GitHub\RobotFoot\Altium\mcu.SchDoc with STM32F407VG from robotfoot.SchLib
Replace Symbol from Y1 XTAL in C:\Users\RobotFoot\Documents\GitHub\RobotFoot\Altium\mcu.SchDoc with XTAL from robotfoot.SchLib
