Added Pin To Net: NetName=LED_0 Pin=J2-1
Added Pin To Net: NetName=RST Pin=P1-2
Added Pin To Net: NetName=PB_1 Pin=U2-2
Added Pin To Net: NetName=PB_2 Pin=U2-3
Added Pin To Net: NetName=PB_3 Pin=U2-4
Added Pin To Net: NetName=RST Pin=U2-14
Added Pin To Net: NetName=MCU_AUDIO Pin=U2-29
Added Pin To Net: NetName=SCLK Pin=U2-30
Added Pin To Net: NetName=MISO Pin=U2-31
Added Pin To Net: NetName=MOSI Pin=U2-32
Added Pin To Net: NetName=UART_DBG_TX Pin=U2-47
Added Pin To Net: NetName=UART_DBG_RX Pin=U2-48
Added Pin To Net: NetName=LED_1 Pin=U2-59
Added Pin To Net: NetName=LED_2 Pin=U2-60
Added Pin To Net: NetName=CS_A Pin=U2-65
Added Pin To Net: NetName=CS_G Pin=U2-66
Added Pin To Net: NetName=INT1_A Pin=U2-81
Added Pin To Net: NetName=INT2_A Pin=U2-82
Added Pin To Net: NetName=INT1_G Pin=U2-83
Added Pin To Net: NetName=INT2_G Pin=U2-84
Added Pin To Net: NetName=DEN_G Pin=U2-85
Added Pin To Net: NetName=SWCLK Pin=P1-5
Added Pin To Net: NetName=SWCLK Pin=U2-76
Added Net: Name=SWCLK
Added Pin To Net: NetName=SWDIO Pin=P1-3
Added Pin To Net: NetName=SWDIO Pin=U2-72
Added Net: Name=SWDIO
Added Pin To Net: NetName=SWO Pin=P1-6
Added Pin To Net: NetName=SWO Pin=U2-89
Added Net: Name=SWO
Added Pin To Net: NetName=UART_MOT_RX Pin=U2-93
Added Net: Name=UART_MOT_RX
Added Pin To Net: NetName=UART_MOT_TX Pin=U2-92
Added Net: Name=UART_MOT_TX
Added Pin To Net: NetName=USB_FS_DM Pin=R6-2
Added Pin To Net: NetName=USB_FS_DM Pin=U2-70
Added Net: Name=USB_FS_DM
Added Pin To Net: NetName=USB_FS_DP Pin=R7-2
Added Pin To Net: NetName=USB_FS_DP Pin=U2-71
Added Net: Name=USB_FS_DP
