La génération a démarré 2013-04-02 16:48:40.
     1>Projet "C:\Users\Mickael\Documents\GitHub\RobotFoot\Embedded Computer\TraitementImage\Experimentation\MyNewOpenCVProject\MyNewOpenCVProject\MyNewOpenCVProject.vcxproj" sur le nœud 2 (Build cible(s)).
     1>ClCompile:
         C:\Program Files\Microsoft Visual Studio 11.0\VC\bin\CL.exe /c /IC:\opencv244\build\include /ZI /nologo /W3 /WX- /Od /Oy- /D WIN32 /D _DEBUG /D _CONSOLE /D _UNICODE /D UNICODE /Gm /EHsc /RTC1 /MDd /GS /fp:precise /Zc:wchar_t /Zc:forScope /Fo"Debug\\" /Fd"Debug\vc110.pdb" /Gd /TP /analyze- /errorReport:prompt CameraCapture.cpp ColorFinder.cpp ImageProcessing.cpp Settings.cpp main.cpp test.cpp
         test.cpp
     1>c:\users\mickael\documents\github\robotfoot\embedded computer\traitementimage\experimentation\mynewopencvproject\mynewopencvproject\test.h(1): fatal error C1083: Impossible d'ouvrir le fichier include : 'opencv\cvaux.h' : No such file or directory
         main.cpp
     1>c:\users\mickael\documents\github\robotfoot\embedded computer\traitementimage\experimentation\mynewopencvproject\mynewopencvproject\test.h(1): fatal error C1083: Impossible d'ouvrir le fichier include : 'opencv\cvaux.h' : No such file or directory
         Settings.cpp
     1>c:\users\mickael\documents\github\robotfoot\embedded computer\traitementimage\experimentation\mynewopencvproject\mynewopencvproject\settings.h(6): fatal error C1083: Impossible d'ouvrir le fichier include : 'opencv2/core/core.hpp' : No such file or directory
         ImageProcessing.cpp
     1>c:\users\mickael\documents\github\robotfoot\embedded computer\traitementimage\experimentation\mynewopencvproject\mynewopencvproject\imageprocessing.h(3): fatal error C1083: Impossible d'ouvrir le fichier include : 'opencv\cvaux.h' : No such file or directory
         ColorFinder.cpp
     1>c:\users\mickael\documents\github\robotfoot\embedded computer\traitementimage\experimentation\mynewopencvproject\mynewopencvproject\imageprocessing.h(3): fatal error C1083: Impossible d'ouvrir le fichier include : 'opencv\cvaux.h' : No such file or directory
         CameraCapture.cpp
     1>c:\users\mickael\documents\github\robotfoot\embedded computer\traitementimage\experimentation\mynewopencvproject\mynewopencvproject\cameracapture.h(3): fatal error C1083: Impossible d'ouvrir le fichier include : 'opencv\highgui.h' : No such file or directory
         Génération de code en cours...
     1>Génération du projet "C:\Users\Mickael\Documents\GitHub\RobotFoot\Embedded Computer\TraitementImage\Experimentation\MyNewOpenCVProject\MyNewOpenCVProject\MyNewOpenCVProject.vcxproj" terminée (Build cible(s)) -- ÉCHEC.

ÉCHEC de la build.

Temps écoulé 00:00:02.47
