Added Component: Designator=C1(C0805)
Added Component: Designator=C2(urs1v102)
Added Component: Designator=C3(C1206)
Added Component: Designator=C4(C0805)
Added Component: Designator=C5(C0805)
Added Component: Designator=C6(C1206)
Added Component: Designator=C7(C1206)
Added Component: Designator=C8(C0805)
Added Component: Designator=C9(C0805)
Added Component: Designator=C10(C0805)
Added Component: Designator=C11(C0805)
Added Component: Designator=C12(C1206)
Added Component: Designator=C13(C0805)
Added Component: Designator=C14(C1206)
Added Component: Designator=C15(C1206)
Added Component: Designator=C16(C1206)
Added Component: Designator=C17(EEE-1EA101XP)
Added Component: Designator=C18(C0805)
Added Component: Designator=C19(urs1v102)
Added Component: Designator=C20(C0805)
Added Component: Designator=C21(EEE-1EA101XP)
Added Component: Designator=C22(C0805)
Added Component: Designator=C23(EEE-1EA101XP)
Added Component: Designator=C24(C0805)
Added Component: Designator=C25(C0805)
Added Component: Designator=C26(C0805)
Added Component: Designator=C27(C1206)
Added Component: Designator=D1(3.2X1.6X1.1)
Added Component: Designator=D2(3.2X1.6X1.1)
Added Component: Designator=D3(3.2X1.6X1.1)
Added Component: Designator=D4(DO-220AA)
Added Component: Designator=D5(3.2X1.6X1.1)
Added Component: Designator=D6(SOT-23_L)
Added Component: Designator=D7(SOT-23_L)
Added Component: Designator=D8(3.2X1.6X1.1)
Added Component: Designator=D9(TO-220AC)
Added Component: Designator=D10(TO-220AC)
Added Component: Designator=D11(3.2X1.6X1.1)
Added Component: Designator=F1(Fuseholder)
Added Component: Designator=J1(Jack Audio)
Added Component: Designator=J2(440247)
Added Component: Designator=L1(Coil)
Added Component: Designator=LS1(PIN2)
Added Component: Designator=P1(MHDR1X6)
Added Component: Designator=P2(MHDR1X4)
Added Component: Designator=P3(MHDR1X4)
Added Component: Designator=P4(MHDR1X4)
Added Component: Designator=P5(MHDR1X4)
Added Component: Designator=P6(BATTFOOT)
Added Component: Designator=P7(PWR JACK)
Added Component: Designator=P8(BATTFOOT)
Added Component: Designator=R1(Pot-3352)
Added Component: Designator=R2(Pot-3352)
Added Component: Designator=R3(J1-0603)
Added Component: Designator=R4(J1-0603)
Added Component: Designator=R5(J1-0603)
Added Component: Designator=R6(J1-0603)
Added Component: Designator=R7(J1-0603)
Added Component: Designator=R8(J1-0603)
Added Component: Designator=R9(J1-0603)
Added Component: Designator=R10(J1-0603)
Added Component: Designator=R11(J1-0603)
Added Component: Designator=R12(J1-0603)
Added Component: Designator=R13(J1-0603)
Added Component: Designator=R14(J1-0603)
Added Component: Designator=R15(J1-0603)
Added Component: Designator=R16(J1-0603)
Added Component: Designator=R17(J1-0603)
Added Component: Designator=R18(J1-0603)
Added Component: Designator=R19(J1-0603)
Added Component: Designator=S1(Switch)
Added Component: Designator=S2(Switch)
Added Component: Designator=S3(Switch)
Added Component: Designator=S4(Switch)
Added Component: Designator=S5(Switch on-off)
Added Component: Designator=U1(N08E)
Added Component: Designator=U2(LQFP100_L)
Added Component: Designator=U3(ACC/GYR)
Added Component: Designator=U4(TS5B_L)
Added Component: Designator=U5(T03B)
Added Component: Designator=Y1(Crystal)
Added Pin To Net: NetName=CS_A Pin=U2-65
Added Pin To Net: NetName=CS_A Pin=U3-23
Added Net: Name=CS_A
Added Pin To Net: NetName=CS_G Pin=U2-66
Added Pin To Net: NetName=CS_G Pin=U3-22
Added Net: Name=CS_G
Added Pin To Net: NetName=DEN_G Pin=U2-85
Added Pin To Net: NetName=DEN_G Pin=U3-16
Added Net: Name=DEN_G
Added Pin To Net: NetName=GND Pin=C1-1
Added Pin To Net: NetName=GND Pin=C3-2
Added Pin To Net: NetName=GND Pin=C4-2
Added Pin To Net: NetName=GND Pin=C5-1
Added Pin To Net: NetName=GND Pin=C6-2
Added Pin To Net: NetName=GND Pin=C7-2
Added Pin To Net: NetName=GND Pin=C8-1
Added Pin To Net: NetName=GND Pin=C9-1
Added Pin To Net: NetName=GND Pin=C10-2
Added Pin To Net: NetName=GND Pin=C11-2
Added Pin To Net: NetName=GND Pin=C12-2
Added Pin To Net: NetName=GND Pin=C13-1
Added Pin To Net: NetName=GND Pin=C14-2
Added Pin To Net: NetName=GND Pin=C15-2
Added Pin To Net: NetName=GND Pin=C16-2
Added Pin To Net: NetName=GND Pin=C17-2
Added Pin To Net: NetName=GND Pin=C18-1
Added Pin To Net: NetName=GND Pin=C19-2
Added Pin To Net: NetName=GND Pin=C20-2
Added Pin To Net: NetName=GND Pin=C21-2
Added Pin To Net: NetName=GND Pin=C22-1
Added Pin To Net: NetName=GND Pin=C23-2
Added Pin To Net: NetName=GND Pin=C25-1
Added Pin To Net: NetName=GND Pin=C26-1
Added Pin To Net: NetName=GND Pin=C27-2
Added Pin To Net: NetName=GND Pin=D3-2
Added Pin To Net: NetName=GND Pin=D4-2
Added Pin To Net: NetName=GND Pin=D5-2
Added Pin To Net: NetName=GND Pin=D8-2
Added Pin To Net: NetName=GND Pin=D11-2
Added Pin To Net: NetName=GND Pin=J1-1
Added Pin To Net: NetName=GND Pin=J2-5
Added Pin To Net: NetName=GND Pin=J2-6
Added Pin To Net: NetName=GND Pin=J2-7
Added Pin To Net: NetName=GND Pin=J2-8
Added Pin To Net: NetName=GND Pin=J2-9
Added Pin To Net: NetName=GND Pin=LS1-2
Added Pin To Net: NetName=GND Pin=P1-4
Added Pin To Net: NetName=GND Pin=P2-1
Added Pin To Net: NetName=GND Pin=P3-1
Added Pin To Net: NetName=GND Pin=P4-1
Added Pin To Net: NetName=GND Pin=P5-1
Added Pin To Net: NetName=GND Pin=P6-2
Added Pin To Net: NetName=GND Pin=P7-2
Added Pin To Net: NetName=GND Pin=P8-2
Added Pin To Net: NetName=GND Pin=R2-1
Added Pin To Net: NetName=GND Pin=R3-1
Added Pin To Net: NetName=GND Pin=R8-1
Added Pin To Net: NetName=GND Pin=R17-2
Added Pin To Net: NetName=GND Pin=S1-2
Added Pin To Net: NetName=GND Pin=S1-2
Added Pin To Net: NetName=GND Pin=S2-2
Added Pin To Net: NetName=GND Pin=S2-2
Added Pin To Net: NetName=GND Pin=S3-2
Added Pin To Net: NetName=GND Pin=S3-2
Added Pin To Net: NetName=GND Pin=S4-2
Added Pin To Net: NetName=GND Pin=S4-2
Added Pin To Net: NetName=GND Pin=U1-2
Added Pin To Net: NetName=GND Pin=U1-4
Added Pin To Net: NetName=GND Pin=U2-10
Added Pin To Net: NetName=GND Pin=U2-20
Added Pin To Net: NetName=GND Pin=U2-27
Added Pin To Net: NetName=GND Pin=U2-74
Added Pin To Net: NetName=GND Pin=U2-99
Added Pin To Net: NetName=GND Pin=U3-1
Added Pin To Net: NetName=GND Pin=U3-2
Added Pin To Net: NetName=GND Pin=U3-3
Added Pin To Net: NetName=GND Pin=U3-4
Added Pin To Net: NetName=GND Pin=U3-5
Added Pin To Net: NetName=GND Pin=U3-6
Added Pin To Net: NetName=GND Pin=U4-3
Added Pin To Net: NetName=GND Pin=U4-5
Added Net: Name=GND
Added Pin To Net: NetName=INT1_A Pin=U2-81
Added Pin To Net: NetName=INT1_A Pin=U3-20
Added Net: Name=INT1_A
Added Pin To Net: NetName=INT1_G Pin=U2-83
Added Pin To Net: NetName=INT1_G Pin=U3-18
Added Net: Name=INT1_G
Added Pin To Net: NetName=INT2_A Pin=U2-82
Added Pin To Net: NetName=INT2_A Pin=U3-19
Added Net: Name=INT2_A
Added Pin To Net: NetName=INT2_G Pin=U2-84
Added Pin To Net: NetName=INT2_G Pin=U3-17
Added Net: Name=INT2_G
Added Pin To Net: NetName=LED_0 Pin=J2-1
Added Pin To Net: NetName=LED_0 Pin=R13-2
Added Net: Name=LED_0
Added Pin To Net: NetName=LED_1 Pin=D2-2
Added Pin To Net: NetName=LED_1 Pin=U2-59
Added Net: Name=LED_1
Added Pin To Net: NetName=LED_2 Pin=D1-2
Added Pin To Net: NetName=LED_2 Pin=U2-60
Added Net: Name=LED_2
Added Pin To Net: NetName=MCU_AUDIO Pin=R1-1
Added Pin To Net: NetName=MCU_AUDIO Pin=U2-29
Added Net: Name=MCU_AUDIO
Added Pin To Net: NetName=MISO Pin=U2-31
Added Pin To Net: NetName=MISO Pin=U3-26
Added Pin To Net: NetName=MISO Pin=U3-27
Added Net: Name=MISO
Added Pin To Net: NetName=MOSI Pin=U2-32
Added Pin To Net: NetName=MOSI Pin=U3-28
Added Net: Name=MOSI
Added Pin To Net: NetName=NetC1_2 Pin=C1-2
Added Pin To Net: NetName=NetC1_2 Pin=U2-12
Added Pin To Net: NetName=NetC1_2 Pin=Y1-2
Added Net: Name=NetC1_2
Added Pin To Net: NetName=NetC2_1 Pin=C2-1
Added Pin To Net: NetName=NetC2_1 Pin=C24-2
Added Pin To Net: NetName=NetC2_1 Pin=U1-5
Added Net: Name=NetC2_1
Added Pin To Net: NetName=NetC2_2 Pin=C2-2
Added Pin To Net: NetName=NetC2_2 Pin=LS1-1
Added Net: Name=NetC2_2
Added Pin To Net: NetName=NetC4_1 Pin=C4-1
Added Pin To Net: NetName=NetC4_1 Pin=U1-7
Added Net: Name=NetC4_1
Added Pin To Net: NetName=NetC5_2 Pin=C5-2
Added Pin To Net: NetName=NetC5_2 Pin=R9-1
Added Pin To Net: NetName=NetC5_2 Pin=Y1-1
Added Net: Name=NetC5_2
Added Pin To Net: NetName=NetC6_1 Pin=C6-1
Added Pin To Net: NetName=NetC6_1 Pin=U2-49
Added Net: Name=NetC6_1
Added Pin To Net: NetName=NetC7_1 Pin=C7-1
Added Pin To Net: NetName=NetC7_1 Pin=U2-73
Added Net: Name=NetC7_1
Added Pin To Net: NetName=NetC11_1 Pin=C11-1
Added Pin To Net: NetName=NetC11_1 Pin=U3-15
Added Net: Name=NetC11_1
Added Pin To Net: NetName=NetC22_2 Pin=C22-2
Added Pin To Net: NetName=NetC22_2 Pin=D7-1
Added Pin To Net: NetName=NetC22_2 Pin=R15-1
Added Pin To Net: NetName=NetC22_2 Pin=R17-1
Added Pin To Net: NetName=NetC22_2 Pin=U5-1
Added Net: Name=NetC22_2
Added Pin To Net: NetName=NetC24_1 Pin=C24-1
Added Pin To Net: NetName=NetC24_1 Pin=R3-2
Added Net: Name=NetC24_1
Added Pin To Net: NetName=NetD1_1 Pin=D1-1
Added Pin To Net: NetName=NetD1_1 Pin=R11-1
Added Net: Name=NetD1_1
Added Pin To Net: NetName=NetD2_1 Pin=D2-1
Added Pin To Net: NetName=NetD2_1 Pin=R12-1
Added Net: Name=NetD2_1
Added Pin To Net: NetName=NetD3_1 Pin=D3-1
Added Pin To Net: NetName=NetD3_1 Pin=R13-1
Added Net: Name=NetD3_1
Added Pin To Net: NetName=NetD4_1 Pin=D4-1
Added Pin To Net: NetName=NetD4_1 Pin=L1-1
Added Pin To Net: NetName=NetD4_1 Pin=U4-2
Added Net: Name=NetD4_1
Added Pin To Net: NetName=NetD5_1 Pin=D5-1
Added Pin To Net: NetName=NetD5_1 Pin=R14-1
Added Net: Name=NetD5_1
Added Pin To Net: NetName=NetD8_1 Pin=D8-1
Added Pin To Net: NetName=NetD8_1 Pin=R16-1
Added Net: Name=NetD8_1
Added Pin To Net: NetName=NetD9_1 Pin=D9-1
Added Pin To Net: NetName=NetD9_1 Pin=D10-1
Added Pin To Net: NetName=NetD9_1 Pin=S5-1
Added Net: Name=NetD9_1
Added Pin To Net: NetName=NetD9_2 Pin=D9-2
Added Pin To Net: NetName=NetD9_2 Pin=P7-1
Added Net: Name=NetD9_2
Added Pin To Net: NetName=NetD10_2 Pin=D10-2
Added Pin To Net: NetName=NetD10_2 Pin=P8-1
Added Net: Name=NetD10_2
Added Pin To Net: NetName=NetD11_1 Pin=D11-1
Added Pin To Net: NetName=NetD11_1 Pin=R19-1
Added Net: Name=NetD11_1
Added Pin To Net: NetName=NetF1_1 Pin=F1-1
Added Pin To Net: NetName=NetF1_1 Pin=S5-2
Added Net: Name=NetF1_1
Added Pin To Net: NetName=NetJ1_2 Pin=J1-2
Added Pin To Net: NetName=NetJ1_2 Pin=R4-2
Added Net: Name=NetJ1_2
Added Pin To Net: NetName=NetJ1_3 Pin=R5-1
Added Net: Name=NetJ1_3
Added Pin To Net: NetName=NetJ2_2 Pin=J2-2
Added Pin To Net: NetName=NetJ2_2 Pin=R6-1
Added Net: Name=NetJ2_2
Added Pin To Net: NetName=NetJ2_3 Pin=J2-3
Added Pin To Net: NetName=NetJ2_3 Pin=R7-1
Added Net: Name=NetJ2_3
Added Pin To Net: NetName=NetR1_2 Pin=R1-2
Added Pin To Net: NetName=NetR1_2 Pin=R4-1
Added Pin To Net: NetName=NetR1_2 Pin=R5-2
Added Net: Name=NetR1_2
Added Pin To Net: NetName=NetR1_3 Pin=R1-3
Added Pin To Net: NetName=NetR1_3 Pin=R2-2
Added Net: Name=NetR1_3
Added Pin To Net: NetName=NetR2_3 Pin=R2-3
Added Pin To Net: NetName=NetR2_3 Pin=U1-3
Added Net: Name=NetR2_3
Added Pin To Net: NetName=NetR8_2 Pin=R8-2
Added Pin To Net: NetName=NetR8_2 Pin=U2-94
Added Net: Name=NetR8_2
Added Pin To Net: NetName=NetR9_2 Pin=R9-2
Added Pin To Net: NetName=NetR9_2 Pin=U2-13
Added Net: Name=NetR9_2
Added Pin To Net: NetName=NetR18_1 Pin=R18-1
Added Pin To Net: NetName=NetR18_1 Pin=R19-2
Added Net: Name=NetR18_1
Added Pin To Net: NetName=PB_1 Pin=S4-1
Added Pin To Net: NetName=PB_1 Pin=U2-2
Added Net: Name=PB_1
Added Pin To Net: NetName=PB_2 Pin=S3-1
Added Pin To Net: NetName=PB_2 Pin=U2-3
Added Net: Name=PB_2
Added Pin To Net: NetName=PB_3 Pin=S2-1
Added Pin To Net: NetName=PB_3 Pin=U2-4
Added Net: Name=PB_3
Added Pin To Net: NetName=RST Pin=C10-1
Added Pin To Net: NetName=RST Pin=P1-2
Added Pin To Net: NetName=RST Pin=R10-1
Added Pin To Net: NetName=RST Pin=S1-1
Added Pin To Net: NetName=RST Pin=U2-14
Added Net: Name=RST
Added Pin To Net: NetName=SCLK Pin=U2-30
Added Pin To Net: NetName=SCLK Pin=U3-24
Added Net: Name=SCLK
Added Pin To Net: NetName=SWCLK Pin=P1-5
Added Pin To Net: NetName=SWCLK Pin=U2-76
Added Net: Name=SWCLK
Added Pin To Net: NetName=SWDIO Pin=P1-3
Added Pin To Net: NetName=SWDIO Pin=U2-72
Added Net: Name=SWDIO
Added Pin To Net: NetName=SWO Pin=P1-6
Added Pin To Net: NetName=SWO Pin=U2-89
Added Net: Name=SWO
Added Pin To Net: NetName=UART_DBG_RX Pin=P5-3
Added Pin To Net: NetName=UART_DBG_RX Pin=U2-48
Added Net: Name=UART_DBG_RX
Added Pin To Net: NetName=UART_DBG_TX Pin=P5-2
Added Pin To Net: NetName=UART_DBG_TX Pin=U2-47
Added Net: Name=UART_DBG_TX
Added Pin To Net: NetName=UART_MOT_RX Pin=P2-3
Added Pin To Net: NetName=UART_MOT_RX Pin=P3-3
Added Pin To Net: NetName=UART_MOT_RX Pin=P4-3
Added Pin To Net: NetName=UART_MOT_RX Pin=U2-93
Added Net: Name=UART_MOT_RX
Added Pin To Net: NetName=UART_MOT_TX Pin=P2-4
Added Pin To Net: NetName=UART_MOT_TX Pin=P3-4
Added Pin To Net: NetName=UART_MOT_TX Pin=P4-4
Added Pin To Net: NetName=UART_MOT_TX Pin=U2-92
Added Net: Name=UART_MOT_TX
Added Pin To Net: NetName=USB_FS_DM Pin=R6-2
Added Pin To Net: NetName=USB_FS_DM Pin=U2-70
Added Net: Name=USB_FS_DM
Added Pin To Net: NetName=USB_FS_DP Pin=R7-2
Added Pin To Net: NetName=USB_FS_DP Pin=U2-71
Added Net: Name=USB_FS_DP
Added Pin To Net: NetName=V3.3 Pin=C8-2
Added Pin To Net: NetName=V3.3 Pin=C9-2
Added Pin To Net: NetName=V3.3 Pin=C12-1
Added Pin To Net: NetName=V3.3 Pin=C13-2
Added Pin To Net: NetName=V3.3 Pin=C21-1
Added Pin To Net: NetName=V3.3 Pin=C25-2
Added Pin To Net: NetName=V3.3 Pin=C26-2
Added Pin To Net: NetName=V3.3 Pin=C27-1
Added Pin To Net: NetName=V3.3 Pin=D6-1
Added Pin To Net: NetName=V3.3 Pin=D7-3
Added Pin To Net: NetName=V3.3 Pin=P1-1
Added Pin To Net: NetName=V3.3 Pin=R10-2
Added Pin To Net: NetName=V3.3 Pin=R11-2
Added Pin To Net: NetName=V3.3 Pin=R12-2
Added Pin To Net: NetName=V3.3 Pin=R15-2
Added Pin To Net: NetName=V3.3 Pin=R16-2
Added Pin To Net: NetName=V3.3 Pin=U2-6
Added Pin To Net: NetName=V3.3 Pin=U2-11
Added Pin To Net: NetName=V3.3 Pin=U2-19
Added Pin To Net: NetName=V3.3 Pin=U2-21
Added Pin To Net: NetName=V3.3 Pin=U2-22
Added Pin To Net: NetName=V3.3 Pin=U2-28
Added Pin To Net: NetName=V3.3 Pin=U2-50
Added Pin To Net: NetName=V3.3 Pin=U2-75
Added Pin To Net: NetName=V3.3 Pin=U2-100
Added Pin To Net: NetName=V3.3 Pin=U3-7
Added Pin To Net: NetName=V3.3 Pin=U3-8
Added Pin To Net: NetName=V3.3 Pin=U3-9
Added Pin To Net: NetName=V3.3 Pin=U3-10
Added Pin To Net: NetName=V3.3 Pin=U3-11
Added Pin To Net: NetName=V3.3 Pin=U3-12
Added Pin To Net: NetName=V3.3 Pin=U3-13
Added Pin To Net: NetName=V3.3 Pin=U3-14
Added Pin To Net: NetName=V3.3 Pin=U3-21
Added Pin To Net: NetName=V3.3 Pin=U3-25
Added Pin To Net: NetName=V3.3 Pin=U5-2
Added Net: Name=V3.3
Added Pin To Net: NetName=V5 Pin=C19-1
Added Pin To Net: NetName=V5 Pin=L1-2
Added Pin To Net: NetName=V5 Pin=P6-1
Added Pin To Net: NetName=V5 Pin=R14-2
Added Pin To Net: NetName=V5 Pin=U4-4
Added Net: Name=V5
Added Pin To Net: NetName=VBATT Pin=C3-1
Added Pin To Net: NetName=VBATT Pin=C14-1
Added Pin To Net: NetName=VBATT Pin=C15-1
Added Pin To Net: NetName=VBATT Pin=C16-1
Added Pin To Net: NetName=VBATT Pin=C17-1
Added Pin To Net: NetName=VBATT Pin=C18-2
Added Pin To Net: NetName=VBATT Pin=C20-1
Added Pin To Net: NetName=VBATT Pin=C23-1
Added Pin To Net: NetName=VBATT Pin=D6-3
Added Pin To Net: NetName=VBATT Pin=F1-2
Added Pin To Net: NetName=VBATT Pin=P2-2
Added Pin To Net: NetName=VBATT Pin=P3-2
Added Pin To Net: NetName=VBATT Pin=P4-2
Added Pin To Net: NetName=VBATT Pin=R18-2
Added Pin To Net: NetName=VBATT Pin=U1-6
Added Pin To Net: NetName=VBATT Pin=U4-1
Added Pin To Net: NetName=VBATT Pin=U5-3
Added Net: Name=VBATT
Added Class: Name=Audio
Added Class: Name=Buttons
Added Class: Name=Gyro/Accel
Added Class: Name=LEDs
Added Class: Name=MCU
Added Class: Name=Motors
Added Class: Name=UART_DBG
Added Class: Name=V3.3
Added Class: Name=V5
Added Class: Name=Vbatt
Added Room: Name=Audio
Added Room: Name=Buttons
Added Room: Name=Gyro/Accel
Added Room: Name=LEDs
Added Room: Name=MCU
Added Room: Name=Motors
Added Room: Name=UART_DBG
Added Room: Name=V3.3
Added Room: Name=V5
Added Room: Name=Vbatt
