C:\USERS\DAVID\DOCUMENTS\GITHUB\ROBOTFOOT\TRAITEMENTIMAGE\EXPERIMENTATION\MYNEWOPENCVPROJECT\MYNEWOPENCVPROJECT\DEBUG\SETTINGS.OBJ
C:\USERS\DAVID\DOCUMENTS\GITHUB\ROBOTFOOT\TRAITEMENTIMAGE\EXPERIMENTATION\MYNEWOPENCVPROJECT\MYNEWOPENCVPROJECT\DEBUG\MAIN.OBJ
C:\USERS\DAVID\DOCUMENTS\GITHUB\ROBOTFOOT\TRAITEMENTIMAGE\EXPERIMENTATION\MYNEWOPENCVPROJECT\MYNEWOPENCVPROJECT\DEBUG\TEST.OBJ
C:\USERS\DAVID\DOCUMENTS\GITHUB\ROBOTFOOT\TRAITEMENTIMAGE\EXPERIMENTATION\MYNEWOPENCVPROJECT\MYNEWOPENCVPROJECT\DEBUG\VC110.PDB
C:\Users\David\Documents\GitHub\RobotFoot\TraitementImage\Experimentation\MyNewOpenCVProject\MyNewOpenCVProject\Debug\main.obj
C:\Users\David\Documents\GitHub\RobotFoot\TraitementImage\Experimentation\MyNewOpenCVProject\MyNewOpenCVProject\Debug\Settings.obj
C:\Users\David\Documents\GitHub\RobotFoot\TraitementImage\Experimentation\MyNewOpenCVProject\MyNewOpenCVProject\Debug\test.obj
C:\Users\David\Documents\GitHub\RobotFoot\TraitementImage\Experimentation\MyNewOpenCVProject\MyNewOpenCVProject\Debug\cl.command.1.tlog
C:\Users\David\Documents\GitHub\RobotFoot\TraitementImage\Experimentation\MyNewOpenCVProject\MyNewOpenCVProject\Debug\CL.read.1.tlog
C:\Users\David\Documents\GitHub\RobotFoot\TraitementImage\Experimentation\MyNewOpenCVProject\MyNewOpenCVProject\Debug\CL.write.1.tlog
C:\Users\David\Documents\GitHub\RobotFoot\TraitementImage\Experimentation\MyNewOpenCVProject\MyNewOpenCVProject\Debug\link-cvtres.read.1.tlog
C:\Users\David\Documents\GitHub\RobotFoot\TraitementImage\Experimentation\MyNewOpenCVProject\MyNewOpenCVProject\Debug\link-cvtres.write.1.tlog
C:\Users\David\Documents\GitHub\RobotFoot\TraitementImage\Experimentation\MyNewOpenCVProject\MyNewOpenCVProject\Debug\link-rc.read.1.tlog
C:\Users\David\Documents\GitHub\RobotFoot\TraitementImage\Experimentation\MyNewOpenCVProject\MyNewOpenCVProject\Debug\link-rc.write.1.tlog
C:\Users\David\Documents\GitHub\RobotFoot\TraitementImage\Experimentation\MyNewOpenCVProject\MyNewOpenCVProject\Debug\link.command.1.tlog
C:\Users\David\Documents\GitHub\RobotFoot\TraitementImage\Experimentation\MyNewOpenCVProject\MyNewOpenCVProject\Debug\link.read.1.tlog
C:\Users\David\Documents\GitHub\RobotFoot\TraitementImage\Experimentation\MyNewOpenCVProject\MyNewOpenCVProject\Debug\link.write.1.tlog
C:\Users\David\Documents\GitHub\RobotFoot\TraitementImage\Experimentation\MyNewOpenCVProject\MyNewOpenCVProject\Debug\vc110.idb
C:\Users\David\Documents\GitHub\RobotFoot\TraitementImage\Experimentation\MyNewOpenCVProject\MyNewOpenCVProject\Debug\vc110.pdb
C:\Users\David\Documents\GitHub\RobotFoot\TraitementImage\Experimentation\MyNewOpenCVProject\Debug\MyNewOpenCVProject.pdb
